<?xml version="1.0" encoding="UTF-8" ?>
<testsuite tests="7" failures="0" name="test.TesteController" time="1.797" errors="0" skipped="0">
  <properties>
[...]
</properties>
  <testcase classname="test.TesteController" name="testGetFirst" time="1.327"/>
  <testcase classname="test.TesteController" name="testGetNextList" time="0.058"/>
  <testcase classname="test.TesteController" name="testeController" time="0.116"/>
  <testcase classname="test.TesteController" name="testUpdateJaAtendido" time="0.166"/>
  <testcase classname="test.TesteController" name="testUpdated" time="0.064"/>
  <testcase classname="test.TesteController" name="testGetChamadosList" time="0.031"/>
  <testcase classname="test.TesteController" name="testGetAll" time="0.035"/>
</testsuite>